2023-04-02 12:49:47: Init DataDir at: D:\Users\ZeoN\Laragon6\data\mysql-8
2023-04-02 17:22:53: File not found!: D:\Users\ZeoN\Laragon6\bin\php\\php.ini-development
2023-04-02 17:22:53: File not found!: D:\Users\ZeoN\Laragon6\bin\php\\php.ini-development
2023-04-02 21:33:04: File not found!: D:\Users\ZeoN\Laragon6\bin\php\\php.ini-development
2023-04-02 21:33:04: File not found!: D:\Users\ZeoN\Laragon6\bin\php\\php.ini-development
2023-04-02 21:36:11: File not found!: D:\Users\ZeoN\Laragon\bin\php\\php.ini-development
2023-04-02 21:36:11: File not found!: D:\Users\ZeoN\Laragon\bin\php\\php.ini-development
2023-04-02 21:39:19: Init DataDir at: S:\Laragon\data\mysql-8
2023-04-03 01:14:55: File not found!: E:\Laragon6\bin\php\\php.ini-development
2023-04-03 01:14:55: File not found!: E:\Laragon6\bin\php\\php.ini-development
2023-04-03 01:15:42: File not found!: E:\Laragon6\bin\php\\php.ini-development
2023-04-03 01:15:42: File not found!: E:\Laragon6\bin\php\\php.ini-development
2023-04-03 01:16:43: File not found!: E:\Laragon6\bin\php\\php.ini-development
2023-04-03 01:16:43: File not found!: E:\Laragon6\bin\php\\php.ini-development
2024-04-23 00:31:09: nothing
2024-04-23 01:42:54: nothing
2024-04-23 01:45:30: nothing
2024-04-23 01:46:46: nothing
2024-04-23 02:00:52: File not found!: D:\Laragon\bin\php\\php.ini-development
2024-04-23 02:00:52: File not found!: D:\Laragon\bin\php\\php.ini-development
2024-04-23 02:02:49: File not found!: D:\Laragon\bin\php\\php.ini-development
2024-04-23 02:02:49: File not found!: D:\Laragon\bin\php\\php.ini-development
2024-04-23 02:05:34: File not found!: D:\Laragon\bin\php\\php.ini-development
2024-04-23 02:05:34: File not found!: D:\Laragon\bin\php\\php.ini-development
2024-04-23 02:08:12: File not found!: D:\Laragon\bin\php\\php.ini-development
2024-04-23 02:08:12: File not found!: D:\Laragon\bin\php\\php.ini-development
2024-04-23 02:08:38: File not found!: D:\Laragon\bin\php\\php.ini-development
2024-04-23 02:08:38: File not found!: D:\Laragon\bin\php\\php.ini-development
2024-04-23 02:09:50: File not found!: D:\Laragon\bin\php\\php.ini-development
2024-04-23 02:09:50: File not found!: D:\Laragon\bin\php\\php.ini-development
2025-04-06 16:43:23: File not found!: D:\Laragon\bin\php\\php.ini-development
2025-04-06 16:43:23: File not found!: D:\Laragon\bin\php\\php.ini-development
2025-04-07 00:07:05: Init DataDir at: D:\Laragon\data\mysql-8
2025-04-07 00:38:17: Init DataDir at: D:\Laragon\data\mysql-8
2025-04-07 01:04:35: nothing
2025-04-07 01:17:43: nothing
2025-04-07 01:18:32: nothing
2025-04-07 01:18:32: nothing
2025-04-07 01:19:01: nothing
2025-04-07 01:19:12: nothing
2025-04-07 02:04:18: File not found!: D:\Laragon\bin\php\\php.ini-development
2025-04-07 02:04:18: File not found!: D:\Laragon\bin\php\\php.ini-development
2025-04-07 02:34:42: File not found!: D:\Laragon\bin\php\\php.ini-development
2025-04-07 02:34:42: File not found!: D:\Laragon\bin\php\\php.ini-development
